Collecting playwright
  Using cached playwright-1.59.0-py3-none-win_amd64.whl.metadata (3.5 kB)
Collecting pytest-playwright
  Using cached pytest_playwright-0.7.2-py3-none-any.whl.metadata (14 kB)
Collecting pyee<14,>=13 (from playwright)
  Using cached pyee-13.0.1-py3-none-any.whl.metadata (3.0 kB)
Requirement already satisfied: greenlet<4.0.0,>=3.1.1 in .\.venv\Lib\site-packages (from playwright) (3.5.0)
Requirement already satisfied: typing-extensions in .\.venv\Lib\site-packages (from pyee<14,>=13->playwright) (4.15.0)
Requirement already satisfied: pytest<10.0.0,>=6.2.4 in .\.venv\Lib\site-packages (from pytest-playwright) (9.0.3)
Collecting pytest-base-url<3.0.0,>=1.0.0 (from pytest-playwright)
  Using cached pytest_base_url-2.1.0-py3-none-any.whl.metadata (6.6 kB)
Collecting python-slugify<9.0.0,>=6.0.0 (from pytest-playwright)
  Using cached python_slugify-8.0.4-py2.py3-none-any.whl.metadata (8.5 kB)
Requirement already satisfied: colorama>=0.4 in .\.venv\Lib\site-packages (from pytest<10.0.0,>=6.2.4->pytest-playwright) (0.4.6)
Requirement already satisfied: iniconfig>=1.0.1 in .\.venv\Lib\site-packages (from pytest<10.0.0,>=6.2.4->pytest-playwright) (2.3.0)
Requirement already satisfied: packaging>=22 in .\.venv\Lib\site-packages (from pytest<10.0.0,>=6.2.4->pytest-playwright) (26.2)
Requirement already satisfied: pluggy<2,>=1.5 in .\.venv\Lib\site-packages (from pytest<10.0.0,>=6.2.4->pytest-playwright) (1.6.0)
Requirement already satisfied: pygments>=2.7.2 in .\.venv\Lib\site-packages (from pytest<10.0.0,>=6.2.4->pytest-playwright) (2.20.0)
Collecting requests>=2.9 (from pytest-base-url<3.0.0,>=1.0.0->pytest-playwright)
  Using cached requests-2.34.2-py3-none-any.whl.metadata (4.8 kB)
Collecting text-unidecode>=1.3 (from python-slugify<9.0.0,>=6.0.0->pytest-playwright)
  Using cached text_unidecode-1.3-py2.py3-none-any.whl.metadata (2.4 kB)
Collecting charset_normalizer<4,>=2 (from requests>=2.9->pytest-base-url<3.0.0,>=1.0.0->pytest-playwright)
  Using cached charset_normalizer-3.4.7-cp311-cp311-win_amd64.whl.metadata (41 kB)
Requirement already satisfied: idna<4,>=2.5 in .\.venv\Lib\site-packages (from requests>=2.9->pytest-base-url<3.0.0,>=1.0.0->pytest-playwright) (3.15)
Collecting urllib3<3,>=1.26 (from requests>=2.9->pytest-base-url<3.0.0,>=1.0.0->pytest-playwright)
  Using cached urllib3-2.7.0-py3-none-any.whl.metadata (6.9 kB)
Requirement already satisfied: certifi>=2023.5.7 in .\.venv\Lib\site-packages (from requests>=2.9->pytest-base-url<3.0.0,>=1.0.0->pytest-playwright) (2026.4.22)
Using cached playwright-1.59.0-py3-none-win_amd64.whl (37.7 MB)
Using cached pyee-13.0.1-py3-none-any.whl (15 kB)
Downloading pytest_playwright-0.7.2-py3-none-any.whl (16 kB)
Downloading pytest_base_url-2.1.0-py3-none-any.whl (5.3 kB)
Downloading python_slugify-8.0.4-py2.py3-none-any.whl (10 kB)
Downloading requests-2.34.2-py3-none-any.whl (73 kB)
Downloading charset_normalizer-3.4.7-cp311-cp311-win_amd64.whl (159 kB)
Downloading urllib3-2.7.0-py3-none-any.whl (131 kB)
Downloading text_unidecode-1.3-py2.py3-none-any.whl (78 kB)
Installing collected packages: text-unidecode, urllib3, python-slugify, pyee, charset_normalizer, requests, playwright, pytest-base-url, pytest-playwright

Successfully installed charset_normalizer-3.4.7 playwright-1.59.0 pyee-13.0.1 pytest-base-url-2.1.0 pytest-playwright-0.7.2 python-slugify-8.0.4 requests-2.34.2 text-unidecode-1.3 urllib3-2.7.0
