Collecting fastapi
  Using cached fastapi-0.136.1-py3-none-any.whl.metadata (28 kB)
Collecting jinja2
  Using cached jinja2-3.1.6-py3-none-any.whl.metadata (2.9 kB)
Collecting python-dotenv
  Using cached python_dotenv-1.2.2-py3-none-any.whl.metadata (27 kB)
Collecting aiosqlite
  Using cached aiosqlite-0.22.1-py3-none-any.whl.metadata (4.3 kB)
Collecting pyyaml
  Using cached pyyaml-6.0.3-cp311-cp311-win_amd64.whl.metadata (2.4 kB)
Collecting pydantic
  Using cached pydantic-2.13.4-py3-none-any.whl.metadata (109 kB)
Collecting pydantic-settings
  Using cached pydantic_settings-2.14.1-py3-none-any.whl.metadata (3.4 kB)
Collecting sse-starlette
  Using cached sse_starlette-3.4.4-py3-none-any.whl.metadata (15 kB)
Collecting pytest
  Using cached pytest-9.0.3-py3-none-any.whl.metadata (7.6 kB)
Collecting pytest-asyncio
  Using cached pytest_asyncio-1.3.0-py3-none-any.whl.metadata (4.1 kB)
Collecting pytest-cov
  Using cached pytest_cov-7.1.0-py3-none-any.whl.metadata (32 kB)
Collecting ruff
  Using cached ruff-0.15.13-py3-none-win_amd64.whl.metadata (27 kB)
Collecting mypy
  Using cached mypy-2.1.0-cp311-cp311-win_amd64.whl.metadata (2.4 kB)
Collecting httpx
  Using cached httpx-0.28.1-py3-none-any.whl.metadata (7.1 kB)
Collecting uvicorn[standard]
  Using cached uvicorn-0.47.0-py3-none-any.whl.metadata (6.7 kB)
Collecting sqlalchemy[asyncio]
  Using cached sqlalchemy-2.0.49-cp311-cp311-win_amd64.whl.metadata (9.8 kB)
Collecting starlette>=0.46.0 (from fastapi)
  Using cached starlette-1.0.0-py3-none-any.whl.metadata (6.3 kB)
Collecting typing-extensions>=4.8.0 (from fastapi)
  Using cached typing_extensions-4.15.0-py3-none-any.whl.metadata (3.3 kB)
Collecting typing-inspection>=0.4.2 (from fastapi)
  Using cached typing_inspection-0.4.2-py3-none-any.whl.metadata (2.6 kB)
Collecting annotated-doc>=0.0.2 (from fastapi)
  Using cached annotated_doc-0.0.4-py3-none-any.whl.metadata (6.6 kB)
Collecting click>=7.0 (from uvicorn[standard])
  Using cached click-8.3.3-py3-none-any.whl.metadata (2.6 kB)
Collecting h11>=0.8 (from uvicorn[standard])
  Using cached h11-0.16.0-py3-none-any.whl.metadata (8.3 kB)
Collecting colorama>=0.4 (from uvicorn[standard])
  Using cached colorama-0.4.6-py2.py3-none-any.whl.metadata (17 kB)
Collecting httptools>=0.6.3 (from uvicorn[standard])
  Using cached httptools-0.7.1-cp311-cp311-win_amd64.whl.metadata (3.6 kB)
Collecting watchfiles>=0.20 (from uvicorn[standard])
  Using cached watchfiles-1.1.1-cp311-cp311-win_amd64.whl.metadata (5.0 kB)
Collecting websockets>=10.4 (from uvicorn[standard])
  Using cached websockets-16.0-cp311-cp311-win_amd64.whl.metadata (7.0 kB)
Collecting MarkupSafe>=2.0 (from jinja2)
  Using cached markupsafe-3.0.3-cp311-cp311-win_amd64.whl.metadata (2.8 kB)
Collecting greenlet>=1 (from sqlalchemy[asyncio])
  Using cached greenlet-3.5.0-cp311-cp311-win_amd64.whl.metadata (3.8 kB)
Collecting annotated-types>=0.6.0 (from pydantic)
  Using cached annotated_types-0.7.0-py3-none-any.whl.metadata (15 kB)
Collecting pydantic-core==2.46.4 (from pydantic)
  Using cached pydantic_core-2.46.4-cp311-cp311-win_amd64.whl.metadata (6.7 kB)
Collecting anyio>=4.7.0 (from sse-starlette)
  Using cached anyio-4.13.0-py3-none-any.whl.metadata (4.5 kB)
Collecting iniconfig>=1.0.1 (from pytest)
  Using cached iniconfig-2.3.0-py3-none-any.whl.metadata (2.5 kB)
Collecting packaging>=22 (from pytest)
  Using cached packaging-26.2-py3-none-any.whl.metadata (3.5 kB)
Collecting pluggy<2,>=1.5 (from pytest)
  Using cached pluggy-1.6.0-py3-none-any.whl.metadata (4.8 kB)
Collecting pygments>=2.7.2 (from pytest)
  Using cached pygments-2.20.0-py3-none-any.whl.metadata (2.5 kB)
Collecting coverage>=7.10.6 (from coverage[toml]>=7.10.6->pytest-cov)
  Using cached coverage-7.14.0-cp311-cp311-win_amd64.whl.metadata (8.7 kB)
Collecting mypy_extensions>=1.0.0 (from mypy)
  Using cached mypy_extensions-1.1.0-py3-none-any.whl.metadata (1.1 kB)
Collecting pathspec>=1.0.0 (from mypy)
  Using cached pathspec-1.1.1-py3-none-any.whl.metadata (14 kB)
Collecting librt>=0.11.0 (from mypy)
  Using cached librt-0.11.0-cp311-cp311-win_amd64.whl.metadata (1.3 kB)
Collecting ast-serialize<1.0.0,>=0.3.0 (from mypy)
  Using cached ast_serialize-0.4.0-cp39-abi3-win_amd64.whl.metadata (1.3 kB)
Collecting certifi (from httpx)
  Using cached certifi-2026.4.22-py3-none-any.whl.metadata (2.5 kB)
Collecting httpcore==1.* (from httpx)
  Using cached httpcore-1.0.9-py3-none-any.whl.metadata (21 kB)
Collecting idna (from httpx)
  Using cached idna-3.15-py3-none-any.whl.metadata (7.7 kB)
Using cached fastapi-0.136.1-py3-none-any.whl (117 kB)
Using cached uvicorn-0.47.0-py3-none-any.whl (71 kB)
Using cached jinja2-3.1.6-py3-none-any.whl (134 kB)
Using cached python_dotenv-1.2.2-py3-none-any.whl (22 kB)
Using cached sqlalchemy-2.0.49-cp311-cp311-win_amd64.whl (2.1 MB)
Using cached aiosqlite-0.22.1-py3-none-any.whl (17 kB)
Using cached pyyaml-6.0.3-cp311-cp311-win_amd64.whl (158 kB)
Using cached pydantic-2.13.4-py3-none-any.whl (472 kB)
Downloading pydantic_core-2.46.4-cp311-cp311-win_amd64.whl (2.1 MB)
   ---------------------------------------- 2.1/2.1 MB 820.8 kB/s  0:00:02
Downloading pydantic_settings-2.14.1-py3-none-any.whl (60 kB)
Downloading sse_starlette-3.4.4-py3-none-any.whl (16 kB)
Downloading pytest-9.0.3-py3-none-any.whl (375 kB)
Downloading pluggy-1.6.0-py3-none-any.whl (20 kB)
Downloading pytest_asyncio-1.3.0-py3-none-any.whl (15 kB)
Downloading pytest_cov-7.1.0-py3-none-any.whl (22 kB)
Downloading ruff-0.15.13-py3-none-win_amd64.whl (11.9 MB)
   ---------------------------------------- 11.9/11.9 MB 690.3 kB/s  0:00:17
Downloading mypy-2.1.0-cp311-cp311-win_amd64.whl (11.1 MB)
   ---------------------------------------- 11.1/11.1 MB 733.6 kB/s  0:00:15
Downloading ast_serialize-0.4.0-cp39-abi3-win_amd64.whl (1.1 MB)
   ---------------------------------------- 1.1/1.1 MB 900.8 kB/s  0:00:01
Downloading httpx-0.28.1-py3-none-any.whl (73 kB)
Downloading httpcore-1.0.9-py3-none-any.whl (78 kB)
Downloading annotated_doc-0.0.4-py3-none-any.whl (5.3 kB)
Downloading annotated_types-0.7.0-py3-none-any.whl (13 kB)
Downloading anyio-4.13.0-py3-none-any.whl (114 kB)
Downloading click-8.3.3-py3-none-any.whl (110 kB)
Using cached colorama-0.4.6-py2.py3-none-any.whl (25 kB)
Downloading coverage-7.14.0-cp311-cp311-win_amd64.whl (223 kB)
Using cached greenlet-3.5.0-cp311-cp311-win_amd64.whl (238 kB)
Using cached h11-0.16.0-py3-none-any.whl (37 kB)
Downloading httptools-0.7.1-cp311-cp311-win_amd64.whl (86 kB)
Downloading idna-3.15-py3-none-any.whl (72 kB)
Downloading iniconfig-2.3.0-py3-none-any.whl (7.5 kB)
Downloading librt-0.11.0-cp311-cp311-win_amd64.whl (118 kB)
Downloading markupsafe-3.0.3-cp311-cp311-win_amd64.whl (15 kB)
Downloading mypy_extensions-1.1.0-py3-none-any.whl (5.0 kB)
Downloading packaging-26.2-py3-none-any.whl (100 kB)
Downloading pathspec-1.1.1-py3-none-any.whl (57 kB)
Downloading pygments-2.20.0-py3-none-any.whl (1.2 MB)
   ---------------------------------------- 1.2/1.2 MB 1.2 MB/s  0:00:01
Downloading starlette-1.0.0-py3-none-any.whl (72 kB)
Downloading typing_extensions-4.15.0-py3-none-any.whl (44 kB)
Downloading typing_inspection-0.4.2-py3-none-any.whl (14 kB)
Downloading watchfiles-1.1.1-cp311-cp311-win_amd64.whl (287 kB)
Downloading websockets-16.0-cp311-cp311-win_amd64.whl (178 kB)
Downloading certifi-2026.4.22-py3-none-any.whl (135 kB)
Installing collected packages: websockets, typing-extensions, ruff, pyyaml, python-dotenv, pygments, pluggy, pathspec, packaging, mypy_extensions, MarkupSafe, librt, iniconfig, idna, httptools, h11, greenlet, coverage, colorama, certifi, ast-serialize, annotated-types, annotated-doc, aiosqlite, typing-inspection, sqlalchemy, pytest, pydantic-core, mypy, jinja2, httpcore, click, anyio, watchfiles, uvicorn, starlette, pytest-cov, pytest-asyncio, pydantic, httpx, sse-starlette, pydantic-settings, fastapi

Successfully installed MarkupSafe-3.0.3 aiosqlite-0.22.1 annotated-doc-0.0.4 annotated-types-0.7.0 anyio-4.13.0 ast-serialize-0.4.0 certifi-2026.4.22 click-8.3.3 colorama-0.4.6 coverage-7.14.0 fastapi-0.136.1 greenlet-3.5.0 h11-0.16.0 httpcore-1.0.9 httptools-0.7.1 httpx-0.28.1 idna-3.15 iniconfig-2.3.0 jinja2-3.1.6 librt-0.11.0 mypy-2.1.0 mypy_extensions-1.1.0 packaging-26.2 pathspec-1.1.1 pluggy-1.6.0 pydantic-2.13.4 pydantic-core-2.46.4 pydantic-settings-2.14.1 pygments-2.20.0 pytest-9.0.3 pytest-asyncio-1.3.0 pytest-cov-7.1.0 python-dotenv-1.2.2 pyyaml-6.0.3 ruff-0.15.13 sqlalchemy-2.0.49 sse-starlette-3.4.4 starlette-1.0.0 typing-extensions-4.15.0 typing-inspection-0.4.2 uvicorn-0.47.0 watchfiles-1.1.1 websockets-16.0
